<?xml version="1.0" encoding="UTF-8"?>
<coverage generated="1720113234285" clover="3.2.0">
  <project timestamp="1720113234285" name="All files">
    <metrics statements="3" coveredstatements="3" conditionals="2" coveredconditionals="2" methods="1" coveredmethods="1" elements="6" coveredelements="6" complexity="0" loc="3" ncloc="3" packages="1" files="1" classes="1"/>
    <file name="sum.tsx" path="/Users/andreea/Desktop/Rentify_MERN/RF_FE/src/__test__/sum.tsx">
      <metrics statements="3" coveredstatements="3" conditionals="2" coveredconditionals="2" methods="1" coveredmethods="1"/>
      <line num="1" count="3" type="cond" truecount="1" falsecount="0"/>
      <line num="2" count="3" type="cond" truecount="1" falsecount="0"/>
      <line num="3" count="3" type="stmt"/>
    </file>
  </project>
</coverage>
